{"level":"info","message":"[Thu Mar 07 2024 12:13:17 GMT-0800 (Pacific Standard Time)] Executing (default): SELECT 1+1 AS result"}
{"level":"info","message":"[Thu Mar 07 2024 12:13:17 GMT-0800 (Pacific Standard Time)] Executing (default): SELECT name FROM sqlite_master WHERE type='table' AND name='tasks';"}
{"level":"info","message":"[Thu Mar 07 2024 12:13:17 GMT-0800 (Pacific Standard Time)] Executing (default): PRAGMA INDEX_LIST(`tasks`)"}
{"level":"info","message":"[Thu Mar 07 2024 12:13:17 GMT-0800 (Pacific Standard Time)] Executing (default): SELECT name FROM sqlite_master WHERE type='table' AND name='users';"}
{"level":"info","message":"[Thu Mar 07 2024 12:13:17 GMT-0800 (Pacific Standard Time)] Executing (default): PRAGMA INDEX_LIST(`users`)"}
{"level":"info","message":"[Thu Mar 07 2024 12:13:17 GMT-0800 (Pacific Standard Time)] Executing (default): PRAGMA INDEX_INFO(`sqlite_autoindex_users_1`)"}
{"level":"info","message":"::1 - - [07/Mar/2024:20:13:29 +0000] \"GET / HTTP/1.1\" 304 -\n"}
{"level":"info","message":"::1 - - [07/Mar/2024:20:13:34 +0000] \"GET /tasks HTTP/1.1\" 401 -\n"}
{"level":"info","message":"::1 - - [07/Mar/2024:20:13:41 +0000] \"GET /users HTTP/1.1\" 404 144\n"}
{"level":"info","message":"::1 - - [07/Mar/2024:20:13:44 +0000] \"GET / HTTP/1.1\" 304 -\n"}
{"level":"info","message":"[Thu Mar 07 2024 12:40:14 GMT-0800 (Pacific Standard Time)] Executing (default): SELECT 1+1 AS result"}
{"level":"info","message":"[Thu Mar 07 2024 12:40:14 GMT-0800 (Pacific Standard Time)] Executing (default): SELECT name FROM sqlite_master WHERE type='table' AND name='tasks';"}
{"level":"info","message":"[Thu Mar 07 2024 12:40:14 GMT-0800 (Pacific Standard Time)] Executing (default): PRAGMA INDEX_LIST(`tasks`)"}
{"level":"info","message":"[Thu Mar 07 2024 12:40:14 GMT-0800 (Pacific Standard Time)] Executing (default): SELECT name FROM sqlite_master WHERE type='table' AND name='users';"}
{"level":"info","message":"[Thu Mar 07 2024 12:40:14 GMT-0800 (Pacific Standard Time)] Executing (default): PRAGMA INDEX_LIST(`users`)"}
{"level":"info","message":"[Thu Mar 07 2024 12:40:14 GMT-0800 (Pacific Standard Time)] Executing (default): PRAGMA INDEX_INFO(`sqlite_autoindex_users_1`)"}
{"level":"info","message":"::1 - - [07/Mar/2024:20:40:29 +0000] \"GET / HTTP/1.1\" 304 -\n"}
{"level":"info","message":"::1 - - [07/Mar/2024:20:40:39 +0000] \"GET / HTTP/1.1\" 304 -\n"}
{"level":"info","message":"[Thu Mar 07 2024 12:40:50 GMT-0800 (Pacific Standard Time)] Executing (default): SELECT 1+1 AS result"}
{"level":"info","message":"[Thu Mar 07 2024 12:40:50 GMT-0800 (Pacific Standard Time)] Executing (default): SELECT name FROM sqlite_master WHERE type='table' AND name='tasks';"}
{"level":"info","message":"[Thu Mar 07 2024 12:40:50 GMT-0800 (Pacific Standard Time)] Executing (default): PRAGMA INDEX_LIST(`tasks`)"}
{"level":"info","message":"[Thu Mar 07 2024 12:40:50 GMT-0800 (Pacific Standard Time)] Executing (default): SELECT name FROM sqlite_master WHERE type='table' AND name='users';"}
{"level":"info","message":"[Thu Mar 07 2024 12:40:50 GMT-0800 (Pacific Standard Time)] Executing (default): PRAGMA INDEX_LIST(`users`)"}
{"level":"info","message":"[Thu Mar 07 2024 12:40:50 GMT-0800 (Pacific Standard Time)] Executing (default): PRAGMA INDEX_INFO(`sqlite_autoindex_users_1`)"}
{"level":"info","message":"[Thu Mar 07 2024 12:44:03 GMT-0800 (Pacific Standard Time)] Executing (default): SELECT 1+1 AS result"}
{"level":"info","message":"[Thu Mar 07 2024 12:44:03 GMT-0800 (Pacific Standard Time)] Executing (default): SELECT name FROM sqlite_master WHERE type='table' AND name='tasks';"}
{"level":"info","message":"[Thu Mar 07 2024 12:44:03 GMT-0800 (Pacific Standard Time)] Executing (default): PRAGMA INDEX_LIST(`tasks`)"}
{"level":"info","message":"[Thu Mar 07 2024 12:44:03 GMT-0800 (Pacific Standard Time)] Executing (default): SELECT name FROM sqlite_master WHERE type='table' AND name='users';"}
{"level":"info","message":"[Thu Mar 07 2024 12:44:03 GMT-0800 (Pacific Standard Time)] Executing (default): PRAGMA INDEX_LIST(`users`)"}
{"level":"info","message":"[Thu Mar 07 2024 12:44:03 GMT-0800 (Pacific Standard Time)] Executing (default): PRAGMA INDEX_INFO(`sqlite_autoindex_users_1`)"}
{"level":"info","message":"::1 - - [07/Mar/2024:20:44:11 +0000] \"GET /apidoc/ HTTP/1.1\" 304 -\n"}
{"level":"info","message":"::1 - - [07/Mar/2024:20:44:11 +0000] \"GET /apidoc/assets/bootstrap.min.css?v=1709839930827 HTTP/1.1\" 304 -\n"}
{"level":"info","message":"::1 - - [07/Mar/2024:20:44:11 +0000] \"GET /apidoc/assets/prism.css?v=1709839930827 HTTP/1.1\" 304 -\n"}
{"level":"info","message":"::1 - - [07/Mar/2024:20:44:11 +0000] \"GET /apidoc/assets/prism-toolbar.css?v=1709839930827 HTTP/1.1\" 304 -\n"}
{"level":"info","message":"::1 - - [07/Mar/2024:20:44:11 +0000] \"GET /apidoc/assets/prism-diff-highlight.css?v=1709839930827 HTTP/1.1\" 304 -\n"}
{"level":"info","message":"::1 - - [07/Mar/2024:20:44:11 +0000] \"GET /apidoc/assets/main.css?v=1709839930827 HTTP/1.1\" 304 -\n"}
{"level":"info","message":"::1 - - [07/Mar/2024:20:44:11 +0000] \"GET /apidoc/assets/main.bundle.js?v=1709839930827 HTTP/1.1\" 304 -\n"}
{"level":"info","message":"::1 - - [07/Mar/2024:20:44:37 +0000] \"GET /apidoc/assets/bootstrap.min.css?v=1709839930827 HTTP/1.1\" 304 -\n"}
{"level":"info","message":"::1 - - [07/Mar/2024:20:44:37 +0000] \"GET /apidoc/assets/prism.css?v=1709839930827 HTTP/1.1\" 304 -\n"}
{"level":"info","message":"::1 - - [07/Mar/2024:20:44:37 +0000] \"GET /apidoc/assets/prism-toolbar.css?v=1709839930827 HTTP/1.1\" 304 -\n"}
{"level":"info","message":"::1 - - [07/Mar/2024:20:44:37 +0000] \"GET /apidoc/assets/prism-diff-highlight.css?v=1709839930827 HTTP/1.1\" 304 -\n"}
{"level":"info","message":"::1 - - [07/Mar/2024:20:44:37 +0000] \"GET /apidoc/assets/main.css?v=1709839930827 HTTP/1.1\" 304 -\n"}
{"level":"info","message":"::1 - - [07/Mar/2024:20:44:37 +0000] \"GET /apidoc/assets/bootstrap.min.css.map HTTP/1.1\" 200 -\n"}
{"level":"info","message":"[Thu Mar 07 2024 12:59:35 GMT-0800 (Pacific Standard Time)] Executing (default): SELECT 1+1 AS result"}
{"level":"info","message":"[Thu Mar 07 2024 12:59:35 GMT-0800 (Pacific Standard Time)] Executing (default): SELECT name FROM sqlite_master WHERE type='table' AND name='tasks';"}
{"level":"info","message":"[Thu Mar 07 2024 12:59:35 GMT-0800 (Pacific Standard Time)] Executing (default): PRAGMA INDEX_LIST(`tasks`)"}
{"level":"info","message":"[Thu Mar 07 2024 12:59:35 GMT-0800 (Pacific Standard Time)] Executing (default): SELECT name FROM sqlite_master WHERE type='table' AND name='users';"}
{"level":"info","message":"[Thu Mar 07 2024 12:59:35 GMT-0800 (Pacific Standard Time)] Executing (default): PRAGMA INDEX_LIST(`users`)"}
{"level":"info","message":"[Thu Mar 07 2024 12:59:35 GMT-0800 (Pacific Standard Time)] Executing (default): PRAGMA INDEX_INFO(`sqlite_autoindex_users_1`)"}
{"level":"info","message":"::1 - - [07/Mar/2024:20:59:55 +0000] \"GET / HTTP/1.1\" 304 -\n"}
{"level":"info","message":"::1 - - [07/Mar/2024:21:00:00 +0000] \"GET /tasks HTTP/1.1\" 401 -\n"}
{"level":"info","message":"::1 - - [07/Mar/2024:21:00:17 +0000] \"GET / HTTP/1.1\" 304 -\n"}
{"level":"info","message":"::1 - - [07/Mar/2024:21:00:37 +0000] \"GET / HTTP/1.1\" 304 -\n"}
